<html>
<head>
<title>TestNG:  LoginTests</title>
<link href="../testng.css" rel="stylesheet" type="text/css" />
<link href="../my-testng.css" rel="stylesheet" type="text/css" />

<style type="text/css">
.log { display: none;} 
.stack-trace { display: none;} 
</style>
<script type="text/javascript">
<!--
function flip(e) {
  current = e.style.display;
  if (current == 'block') {
    e.style.display = 'none';
    return 0;
  }
  else {
    e.style.display = 'block';
    return 1;
  }
}

function toggleBox(szDivId, elem, msg1, msg2)
{
  var res = -1;  if (document.getElementById) {
    res = flip(document.getElementById(szDivId));
  }
  else if (document.all) {
    // this is the way old msie versions work
    res = flip(document.all[szDivId]);
  }
  if(elem) {
    if(res == 0) elem.innerHTML = msg1; else elem.innerHTML = msg2;
  }

}

function toggleAllBoxes() {
  if (document.getElementsByTagName) {
    d = document.getElementsByTagName('div');
    for (i = 0; i < d.length; i++) {
      if (d[i].className == 'log') {
        flip(d[i]);
      }
    }
  }
}

// -->
</script>

</head>
<body>
<h2 align='center'>LoginTests</h2><table border='1' align="center">
<tr>
<td>Tests passed/Failed/Skipped:</td><td>27/3/0</td>
</tr><tr>
<td>Started on:</td><td>Mon Aug 11 18:22:11 IST 2025</td>
</tr>
<tr><td>Total time:</td><td>218 seconds (218952 ms)</td>
</tr><tr>
<td>Included groups:</td><td></td>
</tr><tr>
<td>Excluded groups:</td><td></td>
</tr>
</table><p/>
<small><i>(Hover the method name to see the test class name)</i></small><p/>
<table width='100%' border='1' class='invocation-failed'>
<tr><td colspan='4' align='center'><b>FAILED TESTS</b></td></tr>
<tr><td><b>Test method</b></td>
<td><b>Attribute(s)</b></td>
<td width="30%"><b>Exception</b></td>
<td width="10%"><b>Time (seconds)</b></td>
<td><b>Instance</b></td>
</tr>
<tr>
<td title='tests.DoctorDashboardTest.searchByFirstTaskId()'><b>searchByFirstTaskId</b><br>Test class: tests.DoctorDashboardTest</td>
<td><div><pre>java.lang.AssertionError: ❌ First row does not match expected Task ID after retries. Expected: 120129
	at pages.DoctorDashboardPage.assertFirstRowHasTaskId(DoctorDashboardPage.java:142)
	at tests.DoctorDashboardTest.searchByFirstTaskId(DoctorDashboardTest.java:82)
	at java.base/java.util.ArrayList.forEach(ArrayList.java:1596)
... Removed 25 stack frames</pre></div><a href='#' onClick='toggleBox("stack-trace1541107368", this, "Click to show all stack frames", "Click to hide stack frames")'>Click to show all stack frames</a>
<div class='stack-trace' id='stack-trace1541107368'><pre>java.lang.AssertionError: ❌ First row does not match expected Task ID after retries. Expected: 120129
	at pages.DoctorDashboardPage.assertFirstRowHasTaskId(DoctorDashboardPage.java:142)
	at tests.DoctorDashboardTest.searchByFirstTaskId(DoctorDashboardTest.java:82)
	at java.base/jdk.internal.reflect.DirectMethodHandleAccessor.invoke(DirectMethodHandleAccessor.java:103)
	at java.base/java.lang.reflect.Method.invoke(Method.java:580)
	at org.testng.internal.invokers.MethodInvocationHelper.invokeMethod(MethodInvocationHelper.java:141)
	at org.testng.internal.invokers.TestInvoker.invokeMethod(TestInvoker.java:687)
	at org.testng.internal.invokers.TestInvoker.invokeTestMethod(TestInvoker.java:230)
	at org.testng.internal.invokers.MethodRunner.runInSequence(MethodRunner.java:63)
	at org.testng.internal.invokers.TestInvoker$MethodInvocationAgent.invoke(TestInvoker.java:995)
	at org.testng.internal.invokers.TestInvoker.invokeTestMethods(TestInvoker.java:203)
	at org.testng.internal.invokers.TestMethodWorker.invokeTestMethods(TestMethodWorker.java:154)
	at org.testng.internal.invokers.TestMethodWorker.run(TestMethodWorker.java:134)
	at java.base/java.util.ArrayList.forEach(ArrayList.java:1596)
	at org.testng.TestRunner.privateRun(TestRunner.java:741)
	at org.testng.TestRunner.run(TestRunner.java:616)
	at org.testng.SuiteRunner.runTest(SuiteRunner.java:421)
	at org.testng.SuiteRunner.runSequentially(SuiteRunner.java:413)
	at org.testng.SuiteRunner.privateRun(SuiteRunner.java:373)
	at org.testng.SuiteRunner.run(SuiteRunner.java:312)
	at org.testng.SuiteRunnerWorker.runSuite(SuiteRunnerWorker.java:52)
	at org.testng.SuiteRunnerWorker.run(SuiteRunnerWorker.java:95)
	at org.testng.TestNG.runSuitesSequentially(TestNG.java:1274)
	at org.testng.TestNG.runSuitesLocally(TestNG.java:1208)
	at org.testng.TestNG.runSuites(TestNG.java:1112)
	at org.testng.TestNG.run(TestNG.java:1079)
	at org.testng.remote.AbstractRemoteTestNG.run(AbstractRemoteTestNG.java:115)
	at org.testng.remote.RemoteTestNG.initAndRun(RemoteTestNG.java:293)
	at org.testng.remote.RemoteTestNG.main(RemoteTestNG.java:91)
</pre></div></td>
<td>34</td>
<td>tests.DoctorDashboardTest@e98770d</td></tr>
<tr>
<td title='tests.ScribeDashboardTest.searchByFirstTaskId()'><b>searchByFirstTaskId</b><br>Test class: tests.ScribeDashboardTest</td>
<td><div><pre>java.lang.AssertionError: ❌ First row does not match expected Task ID after retries. Expected: 120131
	at pages.ScribeDashboardPage.assertFirstRowHasTaskId(ScribeDashboardPage.java:178)
	at tests.ScribeDashboardTest.searchByFirstTaskId(ScribeDashboardTest.java:93)
	at java.base/java.util.ArrayList.forEach(ArrayList.java:1596)
... Removed 25 stack frames</pre></div><a href='#' onClick='toggleBox("stack-trace1115730443", this, "Click to show all stack frames", "Click to hide stack frames")'>Click to show all stack frames</a>
<div class='stack-trace' id='stack-trace1115730443'><pre>java.lang.AssertionError: ❌ First row does not match expected Task ID after retries. Expected: 120131
	at pages.ScribeDashboardPage.assertFirstRowHasTaskId(ScribeDashboardPage.java:178)
	at tests.ScribeDashboardTest.searchByFirstTaskId(ScribeDashboardTest.java:93)
	at java.base/jdk.internal.reflect.DirectMethodHandleAccessor.invoke(DirectMethodHandleAccessor.java:103)
	at java.base/java.lang.reflect.Method.invoke(Method.java:580)
	at org.testng.internal.invokers.MethodInvocationHelper.invokeMethod(MethodInvocationHelper.java:141)
	at org.testng.internal.invokers.TestInvoker.invokeMethod(TestInvoker.java:687)
	at org.testng.internal.invokers.TestInvoker.invokeTestMethod(TestInvoker.java:230)
	at org.testng.internal.invokers.MethodRunner.runInSequence(MethodRunner.java:63)
	at org.testng.internal.invokers.TestInvoker$MethodInvocationAgent.invoke(TestInvoker.java:995)
	at org.testng.internal.invokers.TestInvoker.invokeTestMethods(TestInvoker.java:203)
	at org.testng.internal.invokers.TestMethodWorker.invokeTestMethods(TestMethodWorker.java:154)
	at org.testng.internal.invokers.TestMethodWorker.run(TestMethodWorker.java:134)
	at java.base/java.util.ArrayList.forEach(ArrayList.java:1596)
	at org.testng.TestRunner.privateRun(TestRunner.java:741)
	at org.testng.TestRunner.run(TestRunner.java:616)
	at org.testng.SuiteRunner.runTest(SuiteRunner.java:421)
	at org.testng.SuiteRunner.runSequentially(SuiteRunner.java:413)
	at org.testng.SuiteRunner.privateRun(SuiteRunner.java:373)
	at org.testng.SuiteRunner.run(SuiteRunner.java:312)
	at org.testng.SuiteRunnerWorker.runSuite(SuiteRunnerWorker.java:52)
	at org.testng.SuiteRunnerWorker.run(SuiteRunnerWorker.java:95)
	at org.testng.TestNG.runSuitesSequentially(TestNG.java:1274)
	at org.testng.TestNG.runSuitesLocally(TestNG.java:1208)
	at org.testng.TestNG.runSuites(TestNG.java:1112)
	at org.testng.TestNG.run(TestNG.java:1079)
	at org.testng.remote.AbstractRemoteTestNG.run(AbstractRemoteTestNG.java:115)
	at org.testng.remote.RemoteTestNG.initAndRun(RemoteTestNG.java:293)
	at org.testng.remote.RemoteTestNG.main(RemoteTestNG.java:91)
</pre></div></td>
<td>6</td>
<td>tests.ScribeDashboardTest@1ae67cad</td></tr>
<tr>
<td title='tests.DoctorDashboardTest.verifyRecordingWorkflow_ReviewAfterRecordAgain()'><b>verifyRecordingWorkflow_ReviewAfterRecordAgain</b><br>Test class: tests.DoctorDashboardTest</td>
<td><div><pre>org.openqa.selenium.TimeoutException: Expected condition failed: waiting for invisibility of [[ChromeDriver: chrome on windows (53e67b267f947020b2502ad0b226f3ed)] -&gt; xpath: //div[@role=&apos;dialog&apos; and contains(., &apos;Review Recordings&apos;)]] (tried for 10 second(s) with 500 milliseconds interval)
Build info: version: &apos;4.21.0&apos;, revision: &apos;79ed462ef4&apos;
System info: os.name: &apos;Windows 10&apos;, os.arch: &apos;amd64&apos;, os.version: &apos;10.0&apos;, java.version: &apos;21.0.7&apos;
Driver info: org.openqa.selenium.chrome.ChromeDriver
Capabilities {acceptInsecureCerts: false, browserName: chrome, browserVersion: 138.0.7204.184, chrome: {chromedriverVersion: 138.0.7204.183 (e90faf484dd..., userDataDir: C:\Users\Amaldev\AppData\Lo...}, fedcm:accounts: true, goog:chromeOptions: {debuggerAddress: localhost:54121}, networkConnectionEnabled: false, pageLoadStrategy: normal, platformName: windows, proxy: Proxy(), se:cdp: ws://localhost:54121/devtoo..., se:cdpVersion: 138.0.7204.184, setWindowRect: true, strictFileInteractability: false, timeouts: {implicit: 0, pageLoad: 300000, script: 30000}, unhandledPromptBehavior: dismiss and notify, webauthn:extension:credBlob: true, webauthn:extension:largeBlob: true, webauthn:extension:minPinLength: true, webauthn:extension:prf: true, webauthn:virtualAuthenticators: true}
Session ID: 53e67b267f947020b2502ad0b226f3ed
	at org.openqa.selenium.support.ui.WebDriverWait.timeoutException(WebDriverWait.java:84)
	at org.openqa.selenium.support.ui.FluentWait.until(FluentWait.java:228)
	at pages.DoctorDashboardPage.uploadRecordings(DoctorDashboardPage.java:403)
	at tests.DoctorDashboardTest.verifyRecordingWorkflow_ReviewAfterRecordAgain(DoctorDashboardTest.java:162)
	at java.base/java.util.ArrayList.forEach(ArrayList.java:1596)
... Removed 25 stack frames</pre></div><a href='#' onClick='toggleBox("stack-trace1174737513", this, "Click to show all stack frames", "Click to hide stack frames")'>Click to show all stack frames</a>
<div class='stack-trace' id='stack-trace1174737513'><pre>org.openqa.selenium.TimeoutException: Expected condition failed: waiting for invisibility of [[ChromeDriver: chrome on windows (53e67b267f947020b2502ad0b226f3ed)] -&gt; xpath: //div[@role=&apos;dialog&apos; and contains(., &apos;Review Recordings&apos;)]] (tried for 10 second(s) with 500 milliseconds interval)
Build info: version: &apos;4.21.0&apos;, revision: &apos;79ed462ef4&apos;
System info: os.name: &apos;Windows 10&apos;, os.arch: &apos;amd64&apos;, os.version: &apos;10.0&apos;, java.version: &apos;21.0.7&apos;
Driver info: org.openqa.selenium.chrome.ChromeDriver
Capabilities {acceptInsecureCerts: false, browserName: chrome, browserVersion: 138.0.7204.184, chrome: {chromedriverVersion: 138.0.7204.183 (e90faf484dd..., userDataDir: C:\Users\Amaldev\AppData\Lo...}, fedcm:accounts: true, goog:chromeOptions: {debuggerAddress: localhost:54121}, networkConnectionEnabled: false, pageLoadStrategy: normal, platformName: windows, proxy: Proxy(), se:cdp: ws://localhost:54121/devtoo..., se:cdpVersion: 138.0.7204.184, setWindowRect: true, strictFileInteractability: false, timeouts: {implicit: 0, pageLoad: 300000, script: 30000}, unhandledPromptBehavior: dismiss and notify, webauthn:extension:credBlob: true, webauthn:extension:largeBlob: true, webauthn:extension:minPinLength: true, webauthn:extension:prf: true, webauthn:virtualAuthenticators: true}
Session ID: 53e67b267f947020b2502ad0b226f3ed
	at org.openqa.selenium.support.ui.WebDriverWait.timeoutException(WebDriverWait.java:84)
	at org.openqa.selenium.support.ui.FluentWait.until(FluentWait.java:228)
	at pages.DoctorDashboardPage.uploadRecordings(DoctorDashboardPage.java:403)
	at tests.DoctorDashboardTest.verifyRecordingWorkflow_ReviewAfterRecordAgain(DoctorDashboardTest.java:162)
	at java.base/jdk.internal.reflect.DirectMethodHandleAccessor.invoke(DirectMethodHandleAccessor.java:103)
	at java.base/java.lang.reflect.Method.invoke(Method.java:580)
	at org.testng.internal.invokers.MethodInvocationHelper.invokeMethod(MethodInvocationHelper.java:141)
	at org.testng.internal.invokers.TestInvoker.invokeMethod(TestInvoker.java:687)
	at org.testng.internal.invokers.TestInvoker.invokeTestMethod(TestInvoker.java:230)
	at org.testng.internal.invokers.MethodRunner.runInSequence(MethodRunner.java:63)
	at org.testng.internal.invokers.TestInvoker$MethodInvocationAgent.invoke(TestInvoker.java:995)
	at org.testng.internal.invokers.TestInvoker.invokeTestMethods(TestInvoker.java:203)
	at org.testng.internal.invokers.TestMethodWorker.invokeTestMethods(TestMethodWorker.java:154)
	at org.testng.internal.invokers.TestMethodWorker.run(TestMethodWorker.java:134)
	at java.base/java.util.ArrayList.forEach(ArrayList.java:1596)
	at org.testng.TestRunner.privateRun(TestRunner.java:741)
	at org.testng.TestRunner.run(TestRunner.java:616)
	at org.testng.SuiteRunner.runTest(SuiteRunner.java:421)
	at org.testng.SuiteRunner.runSequentially(SuiteRunner.java:413)
	at org.testng.SuiteRunner.privateRun(SuiteRunner.java:373)
	at org.testng.SuiteRunner.run(SuiteRunner.java:312)
	at org.testng.SuiteRunnerWorker.runSuite(SuiteRunnerWorker.java:52)
	at org.testng.SuiteRunnerWorker.run(SuiteRunnerWorker.java:95)
	at org.testng.TestNG.runSuitesSequentially(TestNG.java:1274)
	at org.testng.TestNG.runSuitesLocally(TestNG.java:1208)
	at org.testng.TestNG.runSuites(TestNG.java:1112)
	at org.testng.TestNG.run(TestNG.java:1079)
	at org.testng.remote.AbstractRemoteTestNG.run(AbstractRemoteTestNG.java:115)
	at org.testng.remote.RemoteTestNG.initAndRun(RemoteTestNG.java:293)
	at org.testng.remote.RemoteTestNG.main(RemoteTestNG.java:91)
</pre></div></td>
<td>16</td>
<td>tests.DoctorDashboardTest@e98770d</td></tr>
</table><p>
<table width='100%' border='1' class='invocation-passed'>
<tr><td colspan='4' align='center'><b>PASSED TESTS</b></td></tr>
<tr><td><b>Test method</b></td>
<td><b>Attribute(s)</b></td>
<td width="30%"><b>Exception</b></td>
<td width="10%"><b>Time (seconds)</b></td>
<td><b>Instance</b></td>
</tr>
<tr>
<td title='tests.LoginTests.forgotPasswordTest_TC09()'><b>forgotPasswordTest_TC09</b><br>Test class: tests.LoginTests<br>Test method: TC09 - Verify 'Forgot Password' triggers email alert</td>
<td></td>
<td>1</td>
<td>tests.LoginTests@784b990c</td></tr>
<tr>
<td title='tests.LoginTests.loginTest()'><b>loginTest</b><br>Test class: tests.LoginTests<br>Test method: TC01-TC24 - Login test for various valid/invalid credentials<br>Parameters: TC01, testprovider@gmail.com, 12345678, success_doctor</td>
<td></td>
<td>2</td>
<td>tests.LoginTests@784b990c</td></tr>
<tr>
<td title='tests.LoginTests.loginTest()'><b>loginTest</b><br>Test class: tests.LoginTests<br>Test method: TC01-TC24 - Login test for various valid/invalid credentials<br>Parameters: TC06, , , error</td>
<td></td>
<td>1</td>
<td>tests.LoginTests@784b990c</td></tr>
<tr>
<td title='tests.LoginTests.loginTest()'><b>loginTest</b><br>Test class: tests.LoginTests<br>Test method: TC01-TC24 - Login test for various valid/invalid credentials<br>Parameters: TC02, wrongemail@example.com, DocPass123, error</td>
<td></td>
<td>1</td>
<td>tests.LoginTests@784b990c</td></tr>
<tr>
<td title='tests.ScribeDashboardTest.testTaskIdAscendingSort()'><b>testTaskIdAscendingSort</b><br>Test class: tests.ScribeDashboardTest</td>
<td></td>
<td>6</td>
<td>tests.ScribeDashboardTest@1ae67cad</td></tr>
<tr>
<td title='tests.DoctorDashboardTest.testStatusFilter()'><b>testStatusFilter</b><br>Test class: tests.DoctorDashboardTest</td>
<td></td>
<td>1</td>
<td>tests.DoctorDashboardTest@e98770d</td></tr>
<tr>
<td title='tests.DoctorDashboardTest.testTaskIdAscendingSort()'><b>testTaskIdAscendingSort</b><br>Test class: tests.DoctorDashboardTest</td>
<td></td>
<td>5</td>
<td>tests.DoctorDashboardTest@e98770d</td></tr>
<tr>
<td title='tests.DoctorDashboardTest.testToggleTaskIdColumnView()'><b>testToggleTaskIdColumnView</b><br>Test class: tests.DoctorDashboardTest</td>
<td></td>
<td>0</td>
<td>tests.DoctorDashboardTest@e98770d</td></tr>
<tr>
<td title='tests.LoginTests.loginTest()'><b>loginTest</b><br>Test class: tests.LoginTests<br>Test method: TC01-TC24 - Login test for various valid/invalid credentials<br>Parameters: TC20, doctor@example.com, DOCPASS123, error</td>
<td></td>
<td>1</td>
<td>tests.LoginTests@784b990c</td></tr>
<tr>
<td title='tests.LoginTests.loginTest()'><b>loginTest</b><br>Test class: tests.LoginTests<br>Test method: TC01-TC24 - Login test for various valid/invalid credentials<br>Parameters: TC15, testprovider@gmail.com, 12345678, success_doctor</td>
<td></td>
<td>7</td>
<td>tests.LoginTests@784b990c</td></tr>
<tr>
<td title='tests.LoginTests.loginTest()'><b>loginTest</b><br>Test class: tests.LoginTests<br>Test method: TC01-TC24 - Login test for various valid/invalid credentials<br>Parameters: TC10, special@!#$.com, special123, error</td>
<td></td>
<td>1</td>
<td>tests.LoginTests@784b990c</td></tr>
<tr>
<td title='tests.LoginTests.loginTest()'><b>loginTest</b><br>Test class: tests.LoginTests<br>Test method: TC01-TC24 - Login test for various valid/invalid credentials<br>Parameters: TC24, testscribe@gmail.com, 12345678, success_scribe</td>
<td></td>
<td>2</td>
<td>tests.LoginTests@784b990c</td></tr>
<tr>
<td title='tests.DoctorDashboardTest.themeSwitch()'><b>themeSwitch</b><br>Test class: tests.DoctorDashboardTest</td>
<td></td>
<td>4</td>
<td>tests.DoctorDashboardTest@e98770d</td></tr>
<tr>
<td title='tests.LoginTests.loginTest()'><b>loginTest</b><br>Test class: tests.LoginTests<br>Test method: TC01-TC24 - Login test for various valid/invalid credentials<br>Parameters: TC12, doctor@example.com, passwordWithVeryLongText1234567890!@#, error</td>
<td></td>
<td>1</td>
<td>tests.LoginTests@784b990c</td></tr>
<tr>
<td title='tests.LoginTests.epicLoginRedirectTest()'><b>epicLoginRedirectTest</b><br>Test class: tests.LoginTests<br>Test method: TC25 - Verify Epic Login Redirect</td>
<td></td>
<td>17</td>
<td>tests.LoginTests@784b990c</td></tr>
<tr>
<td title='tests.ScribeDashboardTest.testToggleTaskIdColumnView()'><b>testToggleTaskIdColumnView</b><br>Test class: tests.ScribeDashboardTest</td>
<td></td>
<td>0</td>
<td>tests.ScribeDashboardTest@1ae67cad</td></tr>
<tr>
<td title='tests.DoctorDashboardTest.testPriorityFilter()'><b>testPriorityFilter</b><br>Test class: tests.DoctorDashboardTest</td>
<td></td>
<td>2</td>
<td>tests.DoctorDashboardTest@e98770d</td></tr>
<tr>
<td title='tests.ScribeDashboardTest.testStatusFilter()'><b>testStatusFilter</b><br>Test class: tests.ScribeDashboardTest</td>
<td></td>
<td>1</td>
<td>tests.ScribeDashboardTest@1ae67cad</td></tr>
<tr>
<td title='tests.LoginTests.loginTest()'><b>loginTest</b><br>Test class: tests.LoginTests<br>Test method: TC01-TC24 - Login test for various valid/invalid credentials<br>Parameters: TC11, verylongemail@exampletoolonglonglongdomain.com, DocPass123, error</td>
<td></td>
<td>1</td>
<td>tests.LoginTests@784b990c</td></tr>
<tr>
<td title='tests.ScribeDashboardTest.themeSwitch()'><b>themeSwitch</b><br>Test class: tests.ScribeDashboardTest</td>
<td></td>
<td>4</td>
<td>tests.ScribeDashboardTest@1ae67cad</td></tr>
<tr>
<td title='tests.LoginTests.loginTest()'><b>loginTest</b><br>Test class: tests.LoginTests<br>Test method: TC01-TC24 - Login test for various valid/invalid credentials<br>Parameters: TC03, doctor@example.com, wrongpass, error</td>
<td></td>
<td>1</td>
<td>tests.LoginTests@784b990c</td></tr>
<tr>
<td title='tests.LoginTests.loginTest()'><b>loginTest</b><br>Test class: tests.LoginTests<br>Test method: TC01-TC24 - Login test for various valid/invalid credentials<br>Parameters: TC19, Testprovider@gmail.com, 12345678, success_doctor</td>
<td></td>
<td>2</td>
<td>tests.LoginTests@784b990c</td></tr>
<tr>
<td title='tests.LoginTests.loginTest()'><b>loginTest</b><br>Test class: tests.LoginTests<br>Test method: TC01-TC24 - Login test for various valid/invalid credentials<br>Parameters: TC04, , DocPass123, error</td>
<td></td>
<td>1</td>
<td>tests.LoginTests@784b990c</td></tr>
<tr>
<td title='tests.LoginTests.loginTest()'><b>loginTest</b><br>Test class: tests.LoginTests<br>Test method: TC01-TC24 - Login test for various valid/invalid credentials<br>Parameters: TC07, doctor@@example, DocPass123, error</td>
<td></td>
<td>1</td>
<td>tests.LoginTests@784b990c</td></tr>
<tr>
<td title='tests.ScribeDashboardTest.testPriorityFilter()'><b>testPriorityFilter</b><br>Test class: tests.ScribeDashboardTest</td>
<td></td>
<td>2</td>
<td>tests.ScribeDashboardTest@1ae67cad</td></tr>
<tr>
<td title='tests.LoginTests.loginTest()'><b>loginTest</b><br>Test class: tests.LoginTests<br>Test method: TC01-TC24 - Login test for various valid/invalid credentials<br>Parameters: TC23, testprovider@gmail.com, 12345678, success_doctor</td>
<td></td>
<td>7</td>
<td>tests.LoginTests@784b990c</td></tr>
<tr>
<td title='tests.LoginTests.loginTest()'><b>loginTest</b><br>Test class: tests.LoginTests<br>Test method: TC01-TC24 - Login test for various valid/invalid credentials<br>Parameters: TC05, doctor@example.com, , error</td>
<td></td>
<td>1</td>
<td>tests.LoginTests@784b990c</td></tr>
</table><p>
</body>
</html>