<?xml version="1.0" encoding="UTF-8"?>
<!-- Generated by org.testng.reporters.JUnitXMLReporter -->
<testsuite ignored="0" hostname="PNH-LPC-012" failures="3" tests="30" name="LoginTests" time="218.952" errors="0" timestamp="2025-08-11T18:25:50 IST">
  <testcase classname="tests.LoginTests" name="loginTest" time="2.909"/>
  <testcase classname="tests.LoginTests" name="loginTest" time="1.256"/>
  <testcase classname="tests.LoginTests" name="loginTest" time="1.263"/>
  <testcase classname="tests.LoginTests" name="loginTest" time="1.241"/>
  <testcase classname="tests.LoginTests" name="loginTest" time="1.248"/>
  <testcase classname="tests.LoginTests" name="loginTest" time="1.215"/>
  <testcase classname="tests.LoginTests" name="loginTest" time="1.251"/>
  <testcase classname="tests.LoginTests" name="loginTest" time="1.27"/>
  <testcase classname="tests.LoginTests" name="loginTest" time="1.307"/>
  <testcase classname="tests.LoginTests" name="loginTest" time="1.297"/>
  <testcase classname="tests.LoginTests" name="loginTest" time="7.32"/>
  <testcase classname="tests.LoginTests" name="loginTest" time="2.303"/>
  <testcase classname="tests.LoginTests" name="loginTest" time="1.257"/>
  <testcase classname="tests.LoginTests" name="loginTest" time="7.847"/>
  <testcase classname="tests.LoginTests" name="loginTest" time="2.799"/>
  <testcase classname="tests.LoginTests" name="forgotPasswordTest_TC09" time="1.802"/>
  <testcase classname="tests.LoginTests" name="epicLoginRedirectTest" time="17.216"/>
  <testcase classname="tests.DoctorDashboardTest" name="themeSwitch" time="4.068"/>
  <testcase classname="tests.DoctorDashboardTest" name="searchByFirstTaskId" time="34.84">
    <failure type="java.lang.AssertionError" message="❌ First row does not match expected Task ID after retries. Expected: 120129">
      <![CDATA[java.lang.AssertionError: ❌ First row does not match expected Task ID after retries. Expected: 120129
at pages.DoctorDashboardPage.assertFirstRowHasTaskId(DoctorDashboardPage.java:142)
at tests.DoctorDashboardTest.searchByFirstTaskId(DoctorDashboardTest.java:82)
at java.base/java.util.ArrayList.forEach(ArrayList.java:1596)
... Removed 25 stack frames]]>
    </failure>
  </testcase> <!-- searchByFirstTaskId -->
  <testcase classname="tests.DoctorDashboardTest" name="testStatusFilter" time="1.366"/>
  <testcase classname="tests.DoctorDashboardTest" name="testPriorityFilter" time="2.594"/>
  <testcase classname="tests.DoctorDashboardTest" name="testToggleTaskIdColumnView" time="0.171"/>
  <testcase classname="tests.DoctorDashboardTest" name="testTaskIdAscendingSort" time="5.85"/>
  <testcase classname="tests.DoctorDashboardTest" name="verifyRecordingWorkflow_ReviewAfterRecordAgain" time="16.425">
    <failure type="org.openqa.selenium.TimeoutException" message="Expected condition failed: waiting for invisibility of [[ChromeDriver: chrome on windows (53e67b267f947020b2502ad0b226f3ed)] -&amp;gt; xpath: //div[@role=&amp;apos;dialog&amp;apos; and contains(., &amp;apos;Review Recordings&amp;apos;)]] (tried for 10 second(s) with 500 milliseconds interval)
Build info: version: &amp;apos;4.21.0&amp;apos;, revision: &amp;apos;79ed462ef4&amp;apos;
System info: os.name: &amp;apos;Windows 10&amp;apos;, os.arch: &amp;apos;amd64&amp;apos;, os.version: &amp;apos;10.0&amp;apos;, java.version: &amp;apos;21.0.7&amp;apos;
Driver info: org.openqa.selenium.chrome.ChromeDriver
Capabilities {acceptInsecureCerts: false, browserName: chrome, browserVersion: 138.0.7204.184, chrome: {chromedriverVersion: 138.0.7204.183 (e90faf484dd..., userDataDir: C:\Users\Amaldev\AppData\Lo...}, fedcm:accounts: true, goog:chromeOptions: {debuggerAddress: localhost:54121}, networkConnectionEnabled: false, pageLoadStrategy: normal, platformName: windows, proxy: Proxy(), se:cdp: ws://localhost:54121/devtoo..., se:cdpVersion: 138.0.7204.184, setWindowRect: true, strictFileInteractability: false, timeouts: {implicit: 0, pageLoad: 300000, script: 30000}, unhandledPromptBehavior: dismiss and notify, webauthn:extension:credBlob: true, webauthn:extension:largeBlob: true, webauthn:extension:minPinLength: true, webauthn:extension:prf: true, webauthn:virtualAuthenticators: true}
Session ID: 53e67b267f947020b2502ad0b226f3ed">
      <![CDATA[org.openqa.selenium.TimeoutException: Expected condition failed: waiting for invisibility of [[ChromeDriver: chrome on windows (53e67b267f947020b2502ad0b226f3ed)] -> xpath: //div[@role='dialog' and contains(., 'Review Recordings')]] (tried for 10 second(s) with 500 milliseconds interval)
Build info: version: '4.21.0', revision: '79ed462ef4'
System info: os.name: 'Windows 10', os.arch: 'amd64', os.version: '10.0', java.version: '21.0.7'
Driver info: org.openqa.selenium.chrome.ChromeDriver
Capabilities {acceptInsecureCerts: false, browserName: chrome, browserVersion: 138.0.7204.184, chrome: {chromedriverVersion: 138.0.7204.183 (e90faf484dd..., userDataDir: C:\Users\Amaldev\AppData\Lo...}, fedcm:accounts: true, goog:chromeOptions: {debuggerAddress: localhost:54121}, networkConnectionEnabled: false, pageLoadStrategy: normal, platformName: windows, proxy: Proxy(), se:cdp: ws://localhost:54121/devtoo..., se:cdpVersion: 138.0.7204.184, setWindowRect: true, strictFileInteractability: false, timeouts: {implicit: 0, pageLoad: 300000, script: 30000}, unhandledPromptBehavior: dismiss and notify, webauthn:extension:credBlob: true, webauthn:extension:largeBlob: true, webauthn:extension:minPinLength: true, webauthn:extension:prf: true, webauthn:virtualAuthenticators: true}
Session ID: 53e67b267f947020b2502ad0b226f3ed
at org.openqa.selenium.support.ui.WebDriverWait.timeoutException(WebDriverWait.java:84)
at org.openqa.selenium.support.ui.FluentWait.until(FluentWait.java:228)
at pages.DoctorDashboardPage.uploadRecordings(DoctorDashboardPage.java:403)
at tests.DoctorDashboardTest.verifyRecordingWorkflow_ReviewAfterRecordAgain(DoctorDashboardTest.java:162)
at java.base/java.util.ArrayList.forEach(ArrayList.java:1596)
... Removed 25 stack frames]]>
    </failure>
  </testcase> <!-- verifyRecordingWorkflow_ReviewAfterRecordAgain -->
  <testcase classname="tests.ScribeDashboardTest" name="themeSwitch" time="4.157"/>
  <testcase classname="tests.ScribeDashboardTest" name="searchByFirstTaskId" time="6.41">
    <failure type="java.lang.AssertionError" message="❌ First row does not match expected Task ID after retries. Expected: 120131">
      <![CDATA[java.lang.AssertionError: ❌ First row does not match expected Task ID after retries. Expected: 120131
at pages.ScribeDashboardPage.assertFirstRowHasTaskId(ScribeDashboardPage.java:178)
at tests.ScribeDashboardTest.searchByFirstTaskId(ScribeDashboardTest.java:93)
at java.base/java.util.ArrayList.forEach(ArrayList.java:1596)
... Removed 25 stack frames]]>
    </failure>
  </testcase> <!-- searchByFirstTaskId -->
  <testcase classname="tests.ScribeDashboardTest" name="testStatusFilter" time="1.512"/>
  <testcase classname="tests.ScribeDashboardTest" name="testPriorityFilter" time="2.484"/>
  <testcase classname="tests.ScribeDashboardTest" name="testToggleTaskIdColumnView" time="0.167"/>
  <testcase classname="tests.ScribeDashboardTest" name="testTaskIdAscendingSort" time="6.697"/>
</testsuite> <!-- LoginTests -->
